2025-05-16 18:20:25,357 INFO    MainThread:8232 [wandb_setup.py:_flush():70] Current SDK version is 0.19.11
2025-05-16 18:20:25,357 INFO    MainThread:8232 [wandb_setup.py:_flush():70] Configure stats pid to 8232
2025-05-16 18:20:25,357 INFO    MainThread:8232 [wandb_setup.py:_flush():70] Loading settings from C:\Users\valera\.config\wandb\settings
2025-05-16 18:20:25,357 INFO    MainThread:8232 [wandb_setup.py:_flush():70] Loading settings from D:\projects\a\doctr\wandb\settings
2025-05-16 18:20:25,357 INFO    MainThread:8232 [wandb_setup.py:_flush():70] Loading settings from environment variables
2025-05-16 18:20:25,357 INFO    MainThread:8232 [wandb_init.py:setup_run_log_directory():724] Logging user logs to D:\projects\a\doctr\wandb\run-20250516_182025-bqkhxiqh\logs\debug.log
2025-05-16 18:20:25,358 INFO    MainThread:8232 [wandb_init.py:setup_run_log_directory():725] Logging internal logs to D:\projects\a\doctr\wandb\run-20250516_182025-bqkhxiqh\logs\debug-internal.log
2025-05-16 18:20:25,358 INFO    MainThread:8232 [wandb_init.py:init():852] calling init triggers
2025-05-16 18:20:25,358 INFO    MainThread:8232 [wandb_init.py:init():857] wandb.init called with sweep_config: {}
config: {'learning_rate': 0.001, 'epochs': 15, 'weight_decay': 0, 'batch_size': 16, 'architecture': 'crnn_vgg16_bn', 'input_size': 32, 'optimizer': 'adam', 'framework': 'pytorch', 'scheduler': 'cosine', 'vocab': 'russian', 'train_hash': '145171c44ec931c76e66476b9081d2f8849151247501eb955464c787d109cac5', 'val_hash': '2e0653893799e7250bd0bcea644bdf5edfbc8ff58d4daae6808103c006ca1281', 'pretrained': False, '_wandb': {}}
2025-05-16 18:20:25,358 INFO    MainThread:8232 [wandb_init.py:init():893] starting backend
2025-05-16 18:20:25,358 INFO    MainThread:8232 [wandb_init.py:init():897] sending inform_init request
2025-05-16 18:20:25,411 INFO    MainThread:8232 [backend.py:_multiprocessing_setup():101] multiprocessing start_methods=spawn, using: spawn
2025-05-16 18:20:25,411 INFO    MainThread:8232 [wandb_init.py:init():907] backend started and connected
2025-05-16 18:20:25,413 INFO    MainThread:8232 [wandb_init.py:init():1005] updated telemetry
2025-05-16 18:20:25,453 INFO    MainThread:8232 [wandb_init.py:init():1029] communicating run to backend with 90.0 second timeout
2025-05-16 18:20:26,352 INFO    MainThread:8232 [wandb_init.py:init():1104] starting run threads in backend
2025-05-16 18:20:26,417 INFO    MainThread:8232 [wandb_run.py:_console_start():2573] atexit reg
2025-05-16 18:20:26,417 INFO    MainThread:8232 [wandb_run.py:_redirect():2421] redirect: wrap_raw
2025-05-16 18:20:26,417 INFO    MainThread:8232 [wandb_run.py:_redirect():2490] Wrapping output streams.
2025-05-16 18:20:26,418 INFO    MainThread:8232 [wandb_run.py:_redirect():2513] Redirects installed.
2025-05-16 18:20:26,441 INFO    MainThread:8232 [wandb_init.py:init():1150] run started, returning control to user process
2025-05-16 20:35:54,276 INFO    MainThread:8232 [wandb_run.py:_finish():2321] finishing run valerylarionov06-/text-recognition/bqkhxiqh
2025-05-16 20:35:54,278 INFO    MainThread:8232 [wandb_run.py:_atexit_cleanup():2538] got exitcode: 0
2025-05-16 20:35:54,279 INFO    MainThread:8232 [wandb_run.py:_restore():2520] restore
2025-05-16 20:35:54,279 INFO    MainThread:8232 [wandb_run.py:_restore():2526] restore done
2025-05-16 20:35:56,015 INFO    MainThread:8232 [wandb_run.py:_footer_history_summary_info():4188] rendering history
2025-05-16 20:35:56,016 INFO    MainThread:8232 [wandb_run.py:_footer_history_summary_info():4220] rendering summary
2025-05-16 20:35:56,017 INFO    MainThread:8232 [wandb_run.py:_footer_sync_info():4149] logging synced files
