2025-05-14 20:17:37,323 INFO    MainThread:10952 [wandb_setup.py:_flush():70] Current SDK version is 0.19.11
2025-05-14 20:17:37,323 INFO    MainThread:10952 [wandb_setup.py:_flush():70] Configure stats pid to 10952
2025-05-14 20:17:37,323 INFO    MainThread:10952 [wandb_setup.py:_flush():70] Loading settings from C:\Users\valera\.config\wandb\settings
2025-05-14 20:17:37,323 INFO    MainThread:10952 [wandb_setup.py:_flush():70] Loading settings from D:\projects\a\doctr\wandb\settings
2025-05-14 20:17:37,323 INFO    MainThread:10952 [wandb_setup.py:_flush():70] Loading settings from environment variables
2025-05-14 20:17:37,323 INFO    MainThread:10952 [wandb_init.py:setup_run_log_directory():724] Logging user logs to D:\projects\a\doctr\wandb\run-20250514_201737-9eqybw4m\logs\debug.log
2025-05-14 20:17:37,324 INFO    MainThread:10952 [wandb_init.py:setup_run_log_directory():725] Logging internal logs to D:\projects\a\doctr\wandb\run-20250514_201737-9eqybw4m\logs\debug-internal.log
2025-05-14 20:17:37,324 INFO    MainThread:10952 [wandb_init.py:init():852] calling init triggers
2025-05-14 20:17:37,324 INFO    MainThread:10952 [wandb_init.py:init():857] wandb.init called with sweep_config: {}
config: {'learning_rate': 0.001, 'epochs': 5, 'weight_decay': 0, 'batch_size': 16, 'architecture': 'crnn_vgg16_bn', 'input_size': 32, 'optimizer': 'adam', 'framework': 'pytorch', 'scheduler': 'cosine', 'vocab': 'russian', 'train_hash': '4c4a3287cfb54078f6964019804e7255f6512aab456a212369fc040e7f041323', 'val_hash': '270d0ceed4f5479c74495b63cf4b6e7a007357732ff315d25f432e70484200bf', 'pretrained': False, '_wandb': {}}
2025-05-14 20:17:37,324 INFO    MainThread:10952 [wandb_init.py:init():893] starting backend
2025-05-14 20:17:37,324 INFO    MainThread:10952 [wandb_init.py:init():897] sending inform_init request
2025-05-14 20:17:37,361 INFO    MainThread:10952 [backend.py:_multiprocessing_setup():101] multiprocessing start_methods=spawn, using: spawn
2025-05-14 20:17:37,361 INFO    MainThread:10952 [wandb_init.py:init():907] backend started and connected
2025-05-14 20:17:37,362 INFO    MainThread:10952 [wandb_init.py:init():1005] updated telemetry
2025-05-14 20:17:37,410 INFO    MainThread:10952 [wandb_init.py:init():1029] communicating run to backend with 90.0 second timeout
2025-05-14 20:17:38,305 INFO    MainThread:10952 [wandb_init.py:init():1104] starting run threads in backend
2025-05-14 20:17:38,370 INFO    MainThread:10952 [wandb_run.py:_console_start():2573] atexit reg
2025-05-14 20:17:38,370 INFO    MainThread:10952 [wandb_run.py:_redirect():2421] redirect: wrap_raw
2025-05-14 20:17:38,371 INFO    MainThread:10952 [wandb_run.py:_redirect():2490] Wrapping output streams.
2025-05-14 20:17:38,371 INFO    MainThread:10952 [wandb_run.py:_redirect():2513] Redirects installed.
2025-05-14 20:17:38,401 INFO    MainThread:10952 [wandb_init.py:init():1150] run started, returning control to user process
2025-05-14 20:57:58,225 INFO    MainThread:10952 [wandb_run.py:_finish():2321] finishing run valerylarionov06-/text-recognition/9eqybw4m
2025-05-14 20:57:58,228 INFO    MainThread:10952 [wandb_run.py:_atexit_cleanup():2538] got exitcode: 0
2025-05-14 20:57:58,229 INFO    MainThread:10952 [wandb_run.py:_restore():2520] restore
2025-05-14 20:57:58,230 INFO    MainThread:10952 [wandb_run.py:_restore():2526] restore done
2025-05-14 20:57:59,902 INFO    MainThread:10952 [wandb_run.py:_footer_history_summary_info():4188] rendering history
2025-05-14 20:57:59,903 INFO    MainThread:10952 [wandb_run.py:_footer_history_summary_info():4220] rendering summary
2025-05-14 20:57:59,905 INFO    MainThread:10952 [wandb_run.py:_footer_sync_info():4149] logging synced files
