D:\projects\a\doctr\references\recognition\train_pytorch.py:115: FutureWarning: `torch.cuda.amp.GradScaler(args...)` is deprecated. Please use `torch.amp.GradScaler('cuda', args...)` instead.
  scaler = torch.cuda.amp.GradScaler()
  0%|                                                                                                                                                                                                         | 0/3280 [00:00<?, ?it/s]D:\projects\a\doctr\references\recognition\train_pytorch.py:128: FutureWarning: `torch.cuda.amp.autocast(args...)` is deprecated. Please use `torch.amp.autocast('cuda', args...)` instead.
  with torch.cuda.amp.autocast():
D:\projects\a\.venv\lib\site-packages\torch\optim\lr_scheduler.py:182: UserWarning: Detected call of `lr_scheduler.step()` before `optimizer.step()`. In PyTorch 1.1.0 and later, you should call them in the opposite order: `optimizer.step()` before `lr_scheduler.step()`.  Failure to do this will result in PyTorch skipping the first value of the learning rate schedule. See more details at https://pytorch.org/docs/stable/optim.html#how-to-adjust-learning-rate
  warnings.warn(
Training loss: 1.93272 | LR: 0.000904509: 100%|████████████████████████████████████████████████████████████████████████████████████████████████████████████████████████████████████████████████████| 3280/3280 [09:48<00:00,  5.57it/s]
Epoch 1/5 - Training loss: 2.77759 | LR: 0.000904509
  0%|                                                                                                                                                                                                         | 0/1235 [00:00<?, ?it/s]D:\projects\a\doctr\references\recognition\train_pytorch.py:170: FutureWarning: `torch.cuda.amp.autocast(args...)` is deprecated. Please use `torch.amp.autocast('cuda', args...)` instead.
  with torch.cuda.amp.autocast():
Validation loss: 2.27388: 100%|████████████████████████████████████████████████████████████████████████████████████████████████████████████████████████████████████████████████████████████████████| 1235/1235 [04:34<00:00,  4.50it/s]
Validation loss decreased inf --> 1.69223: saving state...
Epoch 1/5 - Validation loss: 1.69223 (Exact: 5.65% | Partial: 5.83%)
Training loss: 1.04677 | LR: 0.00065451: 100%|█████████████████████████████████████████████████████████████████████████████████████████████████████████████████████████████████████████████████████| 3280/3280 [06:03<00:00,  9.03it/s]
Epoch 2/5 - Training loss: 1.49456 | LR: 0.00065451
Validation loss: 1.82412: 100%|████████████████████████████████████████████████████████████████████████████████████████████████████████████████████████████████████████████████████████████████████| 1235/1235 [02:08<00:00,  9.61it/s]
Validation loss decreased 1.69223 --> 1.01425: saving state...
Epoch 2/5 - Validation loss: 1.01425 (Exact: 20.81% | Partial: 21.40%)
Training loss: 0.982002 | LR: 0.000345494: 100%|███████████████████████████████████████████████████████████████████████████████████████████████████████████████████████████████████████████████████| 3280/3280 [05:06<00:00, 10.69it/s]
Epoch 3/5 - Training loss: 1.04534 | LR: 0.000345494
Validation loss: 1.4216: 100%|█████████████████████████████████████████████████████████████████████████████████████████████████████████████████████████████████████████████████████████████████████| 1235/1235 [02:10<00:00,  9.47it/s]
Validation loss decreased 1.01425 --> 0.762925: saving state...
Epoch 3/5 - Validation loss: 0.762925 (Exact: 31.50% | Partial: 32.32%)
Training loss: 0.97279 | LR: 9.54951e-05: 100%|████████████████████████████████████████████████████████████████████████████████████████████████████████████████████████████████████████████████████| 3280/3280 [03:26<00:00, 15.91it/s]
Epoch 4/5 - Training loss: 0.837563 | LR: 9.54951e-05
Validation loss: 1.32892: 100%|████████████████████████████████████████████████████████████████████████████████████████████████████████████████████████████████████████████████████████████████████| 1235/1235 [01:40<00:00, 12.28it/s]
Validation loss decreased 0.762925 --> 0.666823: saving state...
Epoch 4/5 - Validation loss: 0.666823 (Exact: 36.71% | Partial: 37.55%)
Training loss: 0.92666 | LR: 4e-09: 100%|██████████████████████████████████████████████████████████████████████████████████████████████████████████████████████████████████████████████████████████| 3280/3280 [03:18<00:00, 16.49it/s]
Epoch 5/5 - Training loss: 0.749969 | LR: 4e-09
Validation loss: 1.29963: 100%|████████████████████████████████████████████████████████████████████████████████████████████████████████████████████████████████████████████████████████████████████| 1235/1235 [01:40<00:00, 12.30it/s]
Validation loss decreased 0.666823 --> 0.647848: saving state...
Epoch 5/5 - Validation loss: 0.647848 (Exact: 37.84% | Partial: 38.71%)
