2025-05-13 21:29:18,833 INFO    MainThread:9632 [wandb_setup.py:_flush():70] Current SDK version is 0.19.11
2025-05-13 21:29:18,833 INFO    MainThread:9632 [wandb_setup.py:_flush():70] Configure stats pid to 9632
2025-05-13 21:29:18,833 INFO    MainThread:9632 [wandb_setup.py:_flush():70] Loading settings from C:\Users\valera\.config\wandb\settings
2025-05-13 21:29:18,833 INFO    MainThread:9632 [wandb_setup.py:_flush():70] Loading settings from D:\projects\a\doctr\wandb\settings
2025-05-13 21:29:18,833 INFO    MainThread:9632 [wandb_setup.py:_flush():70] Loading settings from environment variables
2025-05-13 21:29:18,833 INFO    MainThread:9632 [wandb_init.py:setup_run_log_directory():724] Logging user logs to D:\projects\a\doctr\wandb\run-20250513_212918-vewo1eg6\logs\debug.log
2025-05-13 21:29:18,834 INFO    MainThread:9632 [wandb_init.py:setup_run_log_directory():725] Logging internal logs to D:\projects\a\doctr\wandb\run-20250513_212918-vewo1eg6\logs\debug-internal.log
2025-05-13 21:29:18,834 INFO    MainThread:9632 [wandb_init.py:init():852] calling init triggers
2025-05-13 21:29:18,834 INFO    MainThread:9632 [wandb_init.py:init():857] wandb.init called with sweep_config: {}
config: {'learning_rate': 0.001, 'epochs': 5, 'weight_decay': 0, 'batch_size': 16, 'architecture': 'crnn_vgg16_bn', 'input_size': 32, 'optimizer': 'adam', 'framework': 'pytorch', 'scheduler': 'cosine', 'vocab': 'russian', 'train_hash': '145171c44ec931c76e66476b9081d2f8849151247501eb955464c787d109cac5', 'val_hash': '2e0653893799e7250bd0bcea644bdf5edfbc8ff58d4daae6808103c006ca1281', 'pretrained': False, '_wandb': {}}
2025-05-13 21:29:18,834 INFO    MainThread:9632 [wandb_init.py:init():893] starting backend
2025-05-13 21:29:18,834 INFO    MainThread:9632 [wandb_init.py:init():897] sending inform_init request
2025-05-13 21:29:18,886 INFO    MainThread:9632 [backend.py:_multiprocessing_setup():101] multiprocessing start_methods=spawn, using: spawn
2025-05-13 21:29:18,886 INFO    MainThread:9632 [wandb_init.py:init():907] backend started and connected
2025-05-13 21:29:18,887 INFO    MainThread:9632 [wandb_init.py:init():1005] updated telemetry
2025-05-13 21:29:18,934 INFO    MainThread:9632 [wandb_init.py:init():1029] communicating run to backend with 90.0 second timeout
2025-05-13 21:29:19,750 INFO    MainThread:9632 [wandb_init.py:init():1104] starting run threads in backend
2025-05-13 21:29:19,815 INFO    MainThread:9632 [wandb_run.py:_console_start():2573] atexit reg
2025-05-13 21:29:19,815 INFO    MainThread:9632 [wandb_run.py:_redirect():2421] redirect: wrap_raw
2025-05-13 21:29:19,815 INFO    MainThread:9632 [wandb_run.py:_redirect():2490] Wrapping output streams.
2025-05-13 21:29:19,815 INFO    MainThread:9632 [wandb_run.py:_redirect():2513] Redirects installed.
2025-05-13 21:29:19,836 INFO    MainThread:9632 [wandb_init.py:init():1150] run started, returning control to user process
2025-05-13 22:05:36,444 INFO    MainThread:9632 [wandb_run.py:_finish():2321] finishing run valerylarionov06-/text-recognition/vewo1eg6
2025-05-13 22:05:36,446 INFO    MainThread:9632 [wandb_run.py:_atexit_cleanup():2538] got exitcode: 0
2025-05-13 22:05:36,446 INFO    MainThread:9632 [wandb_run.py:_restore():2520] restore
2025-05-13 22:05:36,447 INFO    MainThread:9632 [wandb_run.py:_restore():2526] restore done
2025-05-13 22:05:38,184 INFO    MainThread:9632 [wandb_run.py:_footer_history_summary_info():4188] rendering history
2025-05-13 22:05:38,185 INFO    MainThread:9632 [wandb_run.py:_footer_history_summary_info():4220] rendering summary
2025-05-13 22:05:38,187 INFO    MainThread:9632 [wandb_run.py:_footer_sync_info():4149] logging synced files
